日志开始============================May 5, 2016, 8:15:54 am
GET: http://localhost/boystyle/reg_action.php

pwd = 7A57A5A743894A0E

----------------------------日志结束



日志开始============================May 5, 2016, 8:16:54 am
GET: http://localhost/boystyle/reg_action.php

pwd = 7A57A5A743894A0E

----------------------------日志结束



日志开始============================May 5, 2016, 8:24:38 am
GET: http://localhost/boystyle/reg_action.php

pwd = 7A57A5A743894A0E

----------------------------日志结束



日志开始============================May 5, 2016, 8:25:00 am
GET: http://localhost/boystyle/reg_action.php

pwd = 7A57A5A743894A0E

----------------------------日志结束



日志开始============================May 5, 2016, 8:25:34 am
GET: http://localhost/boystyle/reg_action.php

pwd = 7A57A5A743894A0E

----------------------------日志结束



日志开始============================May 5, 2016, 8:25:56 am
GET: http://localhost/boystyle/reg_action.php

pwd = 7A57A5A743894A0E

----------------------------日志结束



日志开始============================May 5, 2016, 8:27:10 am
GET: http://localhost/boystyle/reg.php

pwd = 8F00B204E9800998

----------------------------日志结束



日志开始============================May 5, 2016, 8:27:16 am
GET: http://localhost/boystyle/reg.php

pwd = 8F00B204E9800998

----------------------------日志结束



日志开始============================May 5, 2016, 8:27:16 am
GET: http://localhost/boystyle/reg.php

pwd = 8F00B204E9800998

----------------------------日志结束



日志开始============================May 5, 2016, 8:29:16 am
GET: http://localhost/boystyle/reg.php

pwd = 8F00B204E9800998

----------------------------日志结束



日志开始============================May 5, 2016, 8:29:19 am
GET: http://localhost/boystyle/reg.php

pwd = 8F00B204E9800998

----------------------------日志结束



