日志开始============================May 11, 2016, 8:22:37 am
GET: http://localhost/boystyle/reg.php

pwd = 7A57A5A743894A0E

----------------------------日志结束



日志开始============================May 11, 2016, 8:45:12 am
GET: http://localhost/boystyle/reg.php

pwd = 7A57A5A743894A0E

----------------------------日志结束



日志开始============================May 11, 2016, 8:57:07 am
GET: http://localhost/boystyle/reg.php

pwd = 7A57A5A743894A0E

----------------------------日志结束



日志开始============================May 11, 2016, 8:59:17 am
GET: http://localhost/boystyle/reg.php

pwd = 7A57A5A743894A0E

----------------------------日志结束



日志开始============================May 11, 2016, 9:00:54 am
GET: http://localhost/boystyle/reg.php

pwd = 7A57A5A743894A0E

----------------------------日志结束



日志开始============================May 11, 2016, 9:02:06 am
GET: http://localhost/boystyle/reg.php

pwd = 7A57A5A743894A0E

----------------------------日志结束



日志开始============================May 11, 2016, 9:02:19 am
GET: http://localhost/boystyle/reg.php

pwd = 7A57A5A743894A0E

----------------------------日志结束



日志开始============================May 11, 2016, 9:02:46 am
GET: http://localhost/boystyle/reg.php

pwd = 7A57A5A743894A0E

----------------------------日志结束



日志开始============================May 11, 2016, 9:03:54 am
GET: http://localhost/boystyle/reg.php

pwd = 7A57A5A743894A0E

----------------------------日志结束



日志开始============================May 11, 2016, 9:05:24 am
GET: http://localhost/boystyle/reg.php

pwd = 7A57A5A743894A0E

----------------------------日志结束



日志开始============================May 11, 2016, 9:06:02 am
GET: http://localhost/boystyle/reg.php

pwd = 7A57A5A743894A0E

----------------------------日志结束



日志开始============================May 11, 2016, 9:06:29 am
GET: http://localhost/boystyle/reg.php

pwd = 7A57A5A743894A0E

----------------------------日志结束



日志开始============================May 11, 2016, 9:06:35 am
GET: http://localhost/boystyle/reg.php

pwd = 7A57A5A743894A0E

----------------------------日志结束



日志开始============================May 11, 2016, 9:06:50 am
GET: http://localhost/boystyle/reg.php

pwd = 7A57A5A743894A0E

----------------------------日志结束



日志开始============================May 11, 2016, 9:21:08 am
GET: http://localhost/boystyle/reg.php

pwd = 7A57A5A743894A0E

----------------------------日志结束



日志开始============================May 11, 2016, 9:21:50 am
GET: http://localhost/boystyle/reg.php

pwd = 7A57A5A743894A0E

----------------------------日志结束



日志开始============================May 11, 2016, 9:33:18 am
GET: http://localhost/boystyle/reg.php

pwd = 7A57A5A743894A0E

----------------------------日志结束



日志开始============================May 11, 2016, 9:33:32 am
GET: http://localhost/boystyle/reg.php

pwd = 7A57A5A743894A0E

----------------------------日志结束



日志开始============================May 11, 2016, 9:33:34 am
GET: http://localhost/boystyle/reg.php

pwd = 7A57A5A743894A0E

----------------------------日志结束



日志开始============================May 11, 2016, 9:33:37 am
GET: http://localhost/boystyle/reg.php

pwd = 7A57A5A743894A0E

----------------------------日志结束



日志开始============================May 11, 2016, 9:34:03 am
GET: http://localhost/boystyle/reg.php

pwd = 8F00B204E9800998

----------------------------日志结束



日志开始============================May 11, 2016, 9:34:05 am
GET: http://localhost/boystyle/reg.php

pwd = 8F00B204E9800998

----------------------------日志结束



日志开始============================May 11, 2016, 9:34:50 am
GET: http://localhost/boystyle/reg.php

pwd = 8F00B204E9800998

----------------------------日志结束



日志开始============================May 11, 2016, 9:36:16 am
GET: http://localhost/boystyle/reg.php

pwd = 8F00B204E9800998

----------------------------日志结束



日志开始============================May 11, 2016, 9:36:18 am
GET: http://localhost/boystyle/reg.php

pwd = 8F00B204E9800998

----------------------------日志结束



日志开始============================May 11, 2016, 9:36:19 am
GET: http://localhost/boystyle/reg.php

pwd = 8F00B204E9800998

----------------------------日志结束



日志开始============================May 11, 2016, 9:36:20 am
GET: http://localhost/boystyle/reg.php

pwd = 8F00B204E9800998

----------------------------日志结束



日志开始============================May 11, 2016, 9:36:22 am
GET: http://localhost/boystyle/reg.php

pwd = 8F00B204E9800998

----------------------------日志结束



日志开始============================May 11, 2016, 9:36:31 am
GET: http://localhost/boystyle/reg.php

pwd = 8F00B204E9800998

----------------------------日志结束



日志开始============================May 11, 2016, 9:36:35 am
GET: http://localhost/boystyle/reg.php

pwd = 8F00B204E9800998

----------------------------日志结束



日志开始============================May 11, 2016, 9:36:37 am
GET: http://localhost/boystyle/reg.php

pwd = 8F00B204E9800998

----------------------------日志结束



日志开始============================May 11, 2016, 9:36:37 am
GET: http://localhost/boystyle/reg.php

pwd = 8F00B204E9800998

----------------------------日志结束



日志开始============================May 11, 2016, 9:36:39 am
GET: http://localhost/boystyle/reg.php

pwd = 8F00B204E9800998

----------------------------日志结束



日志开始============================May 11, 2016, 9:36:39 am
GET: http://localhost/boystyle/reg.php

pwd = 8F00B204E9800998

----------------------------日志结束



